<?xml version="1.0" encoding="UTF-8"?>
<!-- Generated by org.testng.reporters.JUnitXMLReporter -->
<testsuite ignored="0" hostname="DESKTOP-KDF48BK" failures="0" tests="23" name="Test" time="0.329" errors="0" timestamp="2023-09-20T16:10:38 IST">
  <testcase classname="MavenPackage.CountryName1" name="ant" time="0.019"/>
  <testcase classname="MavenPackage.CountryName1" name="at" time="0.011"/>
  <testcase classname="MavenPackage.CountryName1" name="chi" time="0.003"/>
  <testcase classname="MavenPackage.CountryName1" name="fi" time="0.003"/>
  <testcase classname="MavenPackage.CountryName1" name="ja" time="0.003"/>
  <testcase classname="MavenPackage.CountryName1" name="ru" time="0.003"/>
  <testcase classname="MavenPackage.CountryName2" name="gl" time="0.008"/>
  <testcase classname="MavenPackage.CountryName2" name="hg" time="0.004"/>
  <testcase classname="MavenPackage.CountryName2" name="hk" time="0.003"/>
  <testcase classname="MavenPackage.CountryName2" name="il" time="0.006"/>
  <testcase classname="MavenPackage.CountryName2" name="ind" time="0.002"/>
  <testcase classname="MavenPackage.CountryName2" name="jd" time="0.002"/>
  <testcase classname="MavenPackage.CountryName2" name="ko" time="0.005"/>
  <testcase classname="MavenPackage.CountryName2" name="ky" time="0.01"/>
  <testcase classname="MavenPackage.CountryName3" name="ks" time="0.004"/>
  <testcase classname="MavenPackage.CountryName3" name="ku" time="0.004"/>
  <testcase classname="MavenPackage.CountryName3" name="lb" time="0.006"/>
  <testcase classname="MavenPackage.CountryName3" name="le" time="0.002"/>
  <testcase classname="MavenPackage.CountryName3" name="ni" time="0.003"/>
  <testcase classname="MavenPackage.CountryName3" name="pl" time="0.005"/>
  <testcase classname="MavenPackage.CountryName3" name="qt" time="0.002"/>
  <testcase classname="MavenPackage.CountryName3" name="sg" time="0.004"/>
  <testcase classname="MavenPackage.CountryName3" name="si" time="0.003"/>
</testsuite> <!-- Test -->
