<?xml version="1.0" encoding="UTF-8"?>
<testng-results ignored="0" total="23" passed="23" failed="0" skipped="0">
  <reporter-output>
  </reporter-output>
  <suite started-at="2023-09-20T16:10:38 IST" name="Suite" finished-at="2023-09-20T16:10:38 IST" duration-ms="329">
    <groups>
    </groups>
    <test started-at="2023-09-20T16:10:38 IST" name="Test" finished-at="2023-09-20T16:10:38 IST" duration-ms="329">
      <class name="MavenPackage.CountryName2">
        <test-method signature="gl()[pri:0, instance:MavenPackage.CountryName2@689604d9]" started-at="2023-09-20T16:10:38 IST" name="gl" finished-at="2023-09-20T16:10:38 IST" duration-ms="8" status="PASS">
          <reporter-output>
          </reporter-output>
        </test-method> <!-- gl -->
        <test-method signature="hg()[pri:0, instance:MavenPackage.CountryName2@689604d9]" started-at="2023-09-20T16:10:38 IST" name="hg" finished-at="2023-09-20T16:10:38 IST" duration-ms="4" status="PASS">
          <reporter-output>
          </reporter-output>
        </test-method> <!-- hg -->
        <test-method signature="hk()[pri:0, instance:MavenPackage.CountryName2@689604d9]" started-at="2023-09-20T16:10:38 IST" name="hk" finished-at="2023-09-20T16:10:38 IST" duration-ms="3" status="PASS">
          <reporter-output>
          </reporter-output>
        </test-method> <!-- hk -->
        <test-method signature="il()[pri:0, instance:MavenPackage.CountryName2@689604d9]" started-at="2023-09-20T16:10:38 IST" name="il" finished-at="2023-09-20T16:10:38 IST" duration-ms="6" status="PASS">
          <reporter-output>
          </reporter-output>
        </test-method> <!-- il -->
        <test-method signature="ind()[pri:0, instance:MavenPackage.CountryName2@689604d9]" started-at="2023-09-20T16:10:38 IST" name="ind" finished-at="2023-09-20T16:10:38 IST" duration-ms="2" status="PASS">
          <reporter-output>
          </reporter-output>
        </test-method> <!-- ind -->
        <test-method signature="jd()[pri:0, instance:MavenPackage.CountryName2@689604d9]" started-at="2023-09-20T16:10:38 IST" name="jd" finished-at="2023-09-20T16:10:38 IST" duration-ms="2" status="PASS">
          <reporter-output>
          </reporter-output>
        </test-method> <!-- jd -->
        <test-method signature="ko()[pri:0, instance:MavenPackage.CountryName2@689604d9]" started-at="2023-09-20T16:10:38 IST" name="ko" finished-at="2023-09-20T16:10:38 IST" duration-ms="5" status="PASS">
          <reporter-output>
          </reporter-output>
        </test-method> <!-- ko -->
        <test-method signature="ky()[pri:0, instance:MavenPackage.CountryName2@689604d9]" started-at="2023-09-20T16:10:38 IST" name="ky" finished-at="2023-09-20T16:10:38 IST" duration-ms="10" status="PASS">
          <reporter-output>
          </reporter-output>
        </test-method> <!-- ky -->
      </class> <!-- MavenPackage.CountryName2 -->
      <class name="MavenPackage.CountryName3">
        <test-method signature="ks()[pri:0, instance:MavenPackage.CountryName3@18078bef]" started-at="2023-09-20T16:10:38 IST" name="ks" finished-at="2023-09-20T16:10:38 IST" duration-ms="4" status="PASS">
          <reporter-output>
          </reporter-output>
        </test-method> <!-- ks -->
        <test-method signature="ku()[pri:0, instance:MavenPackage.CountryName3@18078bef]" started-at="2023-09-20T16:10:38 IST" name="ku" finished-at="2023-09-20T16:10:38 IST" duration-ms="4" status="PASS">
          <reporter-output>
          </reporter-output>
        </test-method> <!-- ku -->
        <test-method signature="lb()[pri:0, instance:MavenPackage.CountryName3@18078bef]" started-at="2023-09-20T16:10:38 IST" name="lb" finished-at="2023-09-20T16:10:38 IST" duration-ms="6" status="PASS">
          <reporter-output>
          </reporter-output>
        </test-method> <!-- lb -->
        <test-method signature="le()[pri:0, instance:MavenPackage.CountryName3@18078bef]" started-at="2023-09-20T16:10:38 IST" name="le" finished-at="2023-09-20T16:10:38 IST" duration-ms="2" status="PASS">
          <reporter-output>
          </reporter-output>
        </test-method> <!-- le -->
        <test-method signature="ni()[pri:0, instance:MavenPackage.CountryName3@18078bef]" started-at="2023-09-20T16:10:38 IST" name="ni" finished-at="2023-09-20T16:10:38 IST" duration-ms="3" status="PASS">
          <reporter-output>
          </reporter-output>
        </test-method> <!-- ni -->
        <test-method signature="pl()[pri:0, instance:MavenPackage.CountryName3@18078bef]" started-at="2023-09-20T16:10:38 IST" name="pl" finished-at="2023-09-20T16:10:38 IST" duration-ms="5" status="PASS">
          <reporter-output>
          </reporter-output>
        </test-method> <!-- pl -->
        <test-method signature="qt()[pri:0, instance:MavenPackage.CountryName3@18078bef]" started-at="2023-09-20T16:10:38 IST" name="qt" finished-at="2023-09-20T16:10:38 IST" duration-ms="2" status="PASS">
          <reporter-output>
          </reporter-output>
        </test-method> <!-- qt -->
        <test-method signature="sg()[pri:0, instance:MavenPackage.CountryName3@18078bef]" started-at="2023-09-20T16:10:38 IST" name="sg" finished-at="2023-09-20T16:10:38 IST" duration-ms="4" status="PASS">
          <reporter-output>
          </reporter-output>
        </test-method> <!-- sg -->
        <test-method signature="si()[pri:0, instance:MavenPackage.CountryName3@18078bef]" started-at="2023-09-20T16:10:38 IST" name="si" finished-at="2023-09-20T16:10:38 IST" duration-ms="3" status="PASS">
          <reporter-output>
          </reporter-output>
        </test-method> <!-- si -->
      </class> <!-- MavenPackage.CountryName3 -->
      <class name="MavenPackage.CountryName1">
        <test-method signature="ant()[pri:0, instance:MavenPackage.CountryName1@74f0ea28]" started-at="2023-09-20T16:10:38 IST" name="ant" finished-at="2023-09-20T16:10:38 IST" duration-ms="19" status="PASS">
          <reporter-output>
          </reporter-output>
        </test-method> <!-- ant -->
        <test-method signature="at()[pri:0, instance:MavenPackage.CountryName1@74f0ea28]" started-at="2023-09-20T16:10:38 IST" name="at" finished-at="2023-09-20T16:10:38 IST" duration-ms="11" status="PASS">
          <reporter-output>
          </reporter-output>
        </test-method> <!-- at -->
        <test-method signature="chi()[pri:0, instance:MavenPackage.CountryName1@74f0ea28]" started-at="2023-09-20T16:10:38 IST" name="chi" finished-at="2023-09-20T16:10:38 IST" duration-ms="3" status="PASS">
          <reporter-output>
          </reporter-output>
        </test-method> <!-- chi -->
        <test-method signature="fi()[pri:0, instance:MavenPackage.CountryName1@74f0ea28]" started-at="2023-09-20T16:10:38 IST" name="fi" finished-at="2023-09-20T16:10:38 IST" duration-ms="3" status="PASS">
          <reporter-output>
          </reporter-output>
        </test-method> <!-- fi -->
        <test-method signature="ja()[pri:0, instance:MavenPackage.CountryName1@74f0ea28]" started-at="2023-09-20T16:10:38 IST" name="ja" finished-at="2023-09-20T16:10:38 IST" duration-ms="3" status="PASS">
          <reporter-output>
          </reporter-output>
        </test-method> <!-- ja -->
        <test-method signature="ru()[pri:0, instance:MavenPackage.CountryName1@74f0ea28]" started-at="2023-09-20T16:10:38 IST" name="ru" finished-at="2023-09-20T16:10:38 IST" duration-ms="3" status="PASS">
          <reporter-output>
          </reporter-output>
        </test-method> <!-- ru -->
      </class> <!-- MavenPackage.CountryName1 -->
    </test> <!-- Test -->
  </suite> <!-- Suite -->
</testng-results>
